<?xml version='1.0' encoding='UTF-8'?>
<testsuite hostname="Jean-Baptistes-MacBook-Pro.local" name="GameServiceTest" tests="10" errors="0" failures="0" skipped="0" time="0.015" timestamp="2025-05-20T22:43:17">
          <properties>
      <property name="java.specification.version" value="17"/><property name="sun.jnu.encoding" value="UTF-8"/><property name="sun.arch.data.model" value="64"/><property name="java.vendor.url" value="https://github.com/Homebrew/homebrew-core/issues"/><property name="sun.boot.library.path" value="/opt/homebrew/Cellar/openjdk@17/17.0.13/libexec/openjdk.jdk/Contents/Home/lib"/><property name="sun.java.command" value="/Users/jb/Library/Caches/Coursier/arc/https/github.com/sbt/sbt/releases/download/v1.10.7/sbt-1.10.7.zip/sbt/bin/sbt-launch.jar"/><property name="jdk.debug" value="release"/><property name="sun.stderr.encoding" value="UTF-8"/><property name="java.specification.vendor" value="Oracle Corporation"/><property name="java.version.date" value="2024-10-15"/><property name="java.home" value="/opt/homebrew/Cellar/openjdk@17/17.0.13/libexec/openjdk.jdk/Contents/Home"/><property name="file.separator" value="/"/><property name="java.vm.compressedOopsMode" value="Zero based"/><property name="line.separator" value="
"/><property name="sun.stdout.encoding" value="UTF-8"/><property name="java.vm.specification.vendor" value="Oracle Corporation"/><property name="java.specification.name" value="Java Platform API Specification"/><property name="sun.management.compiler" value="HotSpot 64-Bit Tiered Compilers"/><property name="java.runtime.version" value="17.0.13+0"/><property name="user.name" value="jb"/><property name="log4j.ignoreTCL" value="true"/><property name="file.encoding" value="UTF-8"/><property name="java.vendor.version" value="Homebrew"/><property name="java.io.tmpdir" value="/var/folders/m0/qhyd0tpd3217ptnrxy7nsrt40000gn/T/"/><property name="java.version" value="17.0.13"/><property name="java.vm.specification.name" value="Java Virtual Machine Specification"/><property name="native.encoding" value="UTF-8"/><property name="java.library.path" value="/Users/jb/Library/Java/Extensions:/Library/Java/Extensions:/Network/Library/Java/Extensions:/System/Library/Java/Extensions:/usr/lib/java:."/><property name="java.vendor" value="Homebrew"/><property name="java.specification.maintenance.version" value="1"/><property name="scala.ext.dirs" value="/Users/jb/.sbt/1.0/java9-rt-ext-homebrew_17_0_13"/><property name="sun.io.unicode.encoding" value="UnicodeBig"/><property name="socksNonProxyHosts" value="local|*.local|169.254/16|*.169.254/16"/><property name="java.class.path" value="/Users/jb/Library/Caches/Coursier/arc/https/github.com/sbt/sbt/releases/download/v1.10.7/sbt-1.10.7.zip/sbt/bin/sbt-launch.jar"/><property name="java.vm.vendor" value="Homebrew"/><property name="jline.shutdownhook" value="false"/><property name="user.timezone" value="Europe/Warsaw"/><property name="java.vm.specification.version" value="17"/><property name="os.name" value="Mac OS X"/><property name="sun.java.launcher" value="SUN_STANDARD"/><property name="user.country" value="LU"/><property name="http.nonProxyHosts" value="local|*.local|169.254/16|*.169.254/16"/><property name="sun.cpu.endian" value="little"/><property name="user.home" value="/Users/jb"/><property name="user.language" value="en"/><property name="sbt.script" value="/Users/jb/Library/Caches/Coursier/arc/https/github.com/sbt/sbt/releases/download/v1.10.7/sbt-1.10.7.zip/sbt/bin/sbt"/><property name="sbt.ipcsocket.tmpdir" value="/var/folders/m0/qhyd0tpd3217ptnrxy7nsrt40000gn/T/.sbtb7a075c0/ipcsocket"/><property name="swoval.tmpdir" value="/var/folders/m0/qhyd0tpd3217ptnrxy7nsrt40000gn/T/.sbtb7a075c0/swoval"/><property name="jline.esc.timeout" value="0"/><property name="ftp.nonProxyHosts" value="local|*.local|169.254/16|*.169.254/16"/><property name="path.separator" value=":"/><property name="os.version" value="13.0"/><property name="jna.nosys" value="true"/><property name="java.runtime.name" value="OpenJDK Runtime Environment"/><property name="java.vm.name" value="OpenJDK 64-Bit Server VM"/><property name="java.vendor.url.bug" value="https://github.com/Homebrew/homebrew-core/issues"/><property name="user.dir" value="/Users/jb/Personal/diceof"/><property name="os.arch" value="aarch64"/><property name="java.vm.info" value="mixed mode, sharing"/><property name="java.vm.version" value="17.0.13+0"/><property name="java.class.version" value="61.0"/>
    </properties>
          <testcase classname="GameServiceTest" name="comb should return 1 for C(1, 0)" time="0.007">
                      
                    </testcase><testcase classname="GameServiceTest" name="comb should return 5 for C(5, 1)" time="0.002">
                      
                    </testcase><testcase classname="GameServiceTest" name="comb should return 10 for C(5, 2)" time="0.001">
                      
                    </testcase><testcase classname="GameServiceTest" name="comb should return 10 for C(5, 3)" time="0.0">
                      
                    </testcase><testcase classname="GameServiceTest" name="comb should return 1 for C(5, 5)" time="0.0">
                      
                    </testcase><testcase classname="GameServiceTest" name="comb should raise a value error for number of sucessful dices rolls higher than number of dices" time="0.001">
                      
                    </testcase><testcase classname="GameServiceTest" name="binomialProbability should calculate correct value for exact 'mode'" time="0.001">
                      
                    </testcase><testcase classname="GameServiceTest" name="binomialProbability should calculate correct value for atLeast 'mode'" time="0.002">
                      
                    </testcase><testcase classname="GameServiceTest" name="binomialProbability should throw IllegalArgumentException for invalid" time="0.0">
                      
                    </testcase><testcase classname="GameServiceTest" name="binomialProbability should throw IllegalArgumentException for invalid mode" time="0.001">
                      
                    </testcase>
          <system-out><![CDATA[]]></system-out>
          <system-err><![CDATA[]]></system-err>
        </testsuite>